25-03-27 20:39:58.750 : 00_MambaIRv2LightModel
25-03-27 20:44:17.951 : 00_MambaIRv2LightModel
25-03-27 20:44:21.645 : 0801.png - PSNR: 31.18 dB
25-03-27 20:44:22.677 : 0802.png - PSNR: 37.54 dB
25-03-27 20:44:23.846 : 0803.png - PSNR: 43.30 dB
25-03-27 20:44:24.838 : 0804.png - PSNR: 29.33 dB
25-03-27 20:44:25.990 : 0805.png - PSNR: 29.96 dB
25-03-27 20:44:27.114 : 0806.png - PSNR: 30.87 dB
25-03-27 20:44:28.038 : 0807.png - PSNR: 21.88 dB
25-03-27 20:44:29.087 : 0808.png - PSNR: 28.35 dB
25-03-27 20:44:30.123 : 0809.png - PSNR: 33.87 dB
25-03-27 20:44:31.320 : 0810.png - PSNR: 28.15 dB
25-03-27 20:44:32.407 : 0811.png - PSNR: 30.37 dB
25-03-27 20:44:33.574 : 0812.png - PSNR: 29.60 dB
25-03-27 20:44:34.729 : 0813.png - PSNR: 33.05 dB
25-03-27 20:44:35.781 : 0814.png - PSNR: 30.49 dB
25-03-27 20:44:36.763 : 0815.png - PSNR: 36.75 dB
25-03-27 20:44:37.818 : 0816.png - PSNR: 33.23 dB
25-03-27 20:44:38.956 : 0817.png - PSNR: 34.18 dB
25-03-27 20:44:40.172 : 0818.png - PSNR: 30.71 dB
25-03-27 20:44:41.270 : 0819.png - PSNR: 29.86 dB
25-03-27 20:44:42.348 : 0820.png - PSNR: 26.97 dB
25-03-27 20:44:43.422 : 0821.png - PSNR: 34.33 dB
25-03-27 20:44:44.635 : 0822.png - PSNR: 32.37 dB
25-03-27 20:44:45.720 : 0823.png - PSNR: 27.70 dB
25-03-27 20:44:46.739 : 0824.png - PSNR: 30.28 dB
25-03-27 20:44:47.797 : 0825.png - PSNR: 29.16 dB
25-03-27 20:44:48.972 : 0826.png - PSNR: 25.82 dB
25-03-27 20:44:50.188 : 0827.png - PSNR: 35.24 dB
25-03-27 20:44:51.268 : 0828.png - PSNR: 26.21 dB
25-03-27 20:44:52.286 : 0829.png - PSNR: 27.94 dB
25-03-27 20:44:52.994 : 0830.png - PSNR: 26.36 dB
25-03-27 20:44:54.029 : 0831.png - PSNR: 32.63 dB
25-03-27 20:44:55.139 : 0832.png - PSNR: 32.99 dB
25-03-27 20:44:56.310 : 0833.png - PSNR: 36.09 dB
25-03-27 20:44:57.365 : 0834.png - PSNR: 27.02 dB
25-03-27 20:44:58.575 : 0835.png - PSNR: 24.43 dB
25-03-27 20:44:59.881 : 0836.png - PSNR: 27.80 dB
25-03-27 20:45:00.978 : 0837.png - PSNR: 27.96 dB
25-03-27 20:45:02.031 : 0838.png - PSNR: 39.50 dB
25-03-27 20:45:03.056 : 0839.png - PSNR: 30.47 dB
25-03-27 20:45:04.080 : 0840.png - PSNR: 30.09 dB
25-03-27 20:45:05.185 : 0841.png - PSNR: 30.05 dB
25-03-27 20:45:06.222 : 0842.png - PSNR: 31.47 dB
25-03-27 20:45:07.238 : 0843.png - PSNR: 43.70 dB
25-03-27 20:45:08.226 : 0844.png - PSNR: 47.70 dB
25-03-27 20:45:09.245 : 0845.png - PSNR: 27.46 dB
25-03-27 20:45:10.346 : 0846.png - PSNR: 28.48 dB
25-03-27 20:45:11.397 : 0847.png - PSNR: 29.76 dB
25-03-27 20:45:12.547 : 0848.png - PSNR: 28.85 dB
25-03-27 20:45:13.662 : 0849.png - PSNR: 24.11 dB
25-03-27 20:45:14.786 : 0850.png - PSNR: 30.85 dB
25-03-27 20:45:15.855 : 0851.png - PSNR: 30.16 dB
25-03-27 20:45:16.755 : 0852.png - PSNR: 31.29 dB
25-03-27 20:45:17.796 : 0853.png - PSNR: 36.64 dB
25-03-27 20:45:18.663 : 0854.png - PSNR: 26.43 dB
25-03-27 20:45:20.192 : 0855.png - PSNR: 30.92 dB
25-03-27 20:45:21.391 : 0856.png - PSNR: 27.75 dB
25-03-27 20:45:22.496 : 0857.png - PSNR: 36.45 dB
25-03-27 20:45:23.578 : 0858.png - PSNR: 29.93 dB
25-03-27 20:45:24.642 : 0859.png - PSNR: 27.01 dB
25-03-27 20:45:25.827 : 0860.png - PSNR: 22.07 dB
25-03-27 20:45:26.959 : 0861.png - PSNR: 24.71 dB
25-03-27 20:45:27.984 : 0862.png - PSNR: 34.61 dB
25-03-27 20:45:29.133 : 0863.png - PSNR: 34.69 dB
25-03-27 20:45:30.228 : 0864.png - PSNR: 31.42 dB
25-03-27 20:45:31.388 : 0865.png - PSNR: 28.79 dB
25-03-27 20:45:32.485 : 0866.png - PSNR: 26.72 dB
25-03-27 20:45:33.551 : 0867.png - PSNR: 30.12 dB
25-03-27 20:45:34.603 : 0868.png - PSNR: 34.47 dB
25-03-27 20:45:35.592 : 0869.png - PSNR: 25.25 dB
25-03-27 20:45:36.822 : 0870.png - PSNR: 30.21 dB
25-03-27 20:45:37.939 : 0871.png - PSNR: 34.14 dB
25-03-27 20:45:39.017 : 0872.png - PSNR: 25.49 dB
25-03-27 20:45:40.127 : 0873.png - PSNR: 25.74 dB
25-03-27 20:45:41.209 : 0874.png - PSNR: 31.76 dB
25-03-27 20:45:42.401 : 0875.png - PSNR: 25.83 dB
25-03-27 20:45:43.525 : 0876.png - PSNR: 23.41 dB
25-03-27 20:45:44.470 : 0877.png - PSNR: 42.41 dB
25-03-27 20:45:45.708 : 0878.png - PSNR: 34.02 dB
25-03-27 20:45:47.205 : 0879.png - PSNR: 29.08 dB
25-03-27 20:45:48.323 : 0880.png - PSNR: 33.75 dB
25-03-27 20:45:49.265 : 0881.png - PSNR: 27.65 dB
25-03-27 20:45:50.302 : 0882.png - PSNR: 35.96 dB
25-03-27 20:45:51.397 : 0883.png - PSNR: 28.47 dB
25-03-27 20:45:52.470 : 0884.png - PSNR: 28.34 dB
25-03-27 20:45:53.557 : 0885.png - PSNR: 24.86 dB
25-03-27 20:45:54.648 : 0886.png - PSNR: 38.82 dB
25-03-27 20:45:55.720 : 0887.png - PSNR: 26.39 dB
25-03-27 20:45:56.793 : 0888.png - PSNR: 32.38 dB
25-03-27 20:45:57.892 : 0889.png - PSNR: 33.03 dB
25-03-27 20:45:58.963 : 0890.png - PSNR: 26.68 dB
25-03-27 20:46:00.256 : 0891.png - PSNR: 28.88 dB
25-03-27 20:46:01.350 : 0892.png - PSNR: 33.25 dB
25-03-27 20:46:02.378 : 0893.png - PSNR: 34.98 dB
25-03-27 20:46:03.492 : 0894.png - PSNR: 33.52 dB
25-03-27 20:46:04.528 : 0895.png - PSNR: 21.85 dB
25-03-27 20:46:05.561 : 0896.png - PSNR: 41.45 dB
25-03-27 20:46:06.606 : 0897.png - PSNR: 23.51 dB
25-03-27 20:46:07.676 : 0898.png - PSNR: 36.55 dB
25-03-27 20:46:08.741 : 0899.png - PSNR: 33.68 dB
25-03-27 20:46:09.706 : 0900.png - PSNR: 30.00 dB
25-03-27 20:46:09.865 :     Average PSNR : 30.82
25-03-27 20:46:09.866 :       Max Memery : 3135.861
25-03-27 20:46:09.866 : ------> Average runtime of (valid) is : 540.787247 seconds
25-03-27 20:46:10.069 :            FLOPs : 700.9280 [G]
25-03-27 20:46:10.072 :          #Params : 0.7897 [M]
